Arguments: 
  /home/mathues/.nvm/versions/node/v16.13.1/bin/node /home/mathues/.nvm/versions/node/v16.13.1/bin/yarn add eslin

PATH: 
  /home/mathues/.pyenv/plugins/pyenv-virtualenv/shims:/home/mathues/.pyenv/bin:/home/mathues/.vscode-server/bin/30d9c6cd9483b2cc586687151bcbcd635f373630/bin/remote-cli:/home/mathues/.local/share/zinit/polaris/bin:/home/mathues/.pyenv/plugins/pyenv-virtualenv/shims:/home/mathues/.pyenv/bin:/home/mathues/.nvm/versions/node/v16.13.1/bin:/usr/local/sbin:/usr/local/bin:/usr/sbin:/usr/bin:/sbin:/bin:/usr/games:/usr/local/games:/usr/lib/wsl/lib:/mnt/c/Program Files/Java/zulu11.56.19-ca-jdk11.0.15-win_x64/bin:/mnt/c/Program Files/Common Files/Oracle/Java/javapath:/mnt/c/Windows/system32:/mnt/c/Windows:/mnt/c/Windows/System32/Wbem:/mnt/c/Windows/System32/WindowsPowerShell/v1.0/:/mnt/c/Windows/System32/OpenSSH/:/mnt/c/Users/mathe/AppData/Roaming/nvm:/mnt/c/Program Files/nodejs:/mnt/c/Program Files/Docker/Docker/resources/bin:/mnt/c/ProgramData/DockerDesktop/version-bin:/mnt/c/Program Files/Git/cmd:/mnt/c/Users/mathe/AppData/Local/Microsoft/WindowsApps:/mnt/c/Users/mathe/AppData/Local/Programs/Microsoft VS Code/bin:/mnt/c/Users/mathe/AppData/Roaming/npm:/mnt/c/Program Files/JetBrains/IntelliJ IDEA Community Edition 2022.1/bin

Yarn version: 
  1.22.17

Node version: 
  16.13.1

Platform: 
  linux x64

Trace: 
  Error: https://registry.yarnpkg.com/eslin: Not found
      at Request.params.callback [as _callback] (/home/mathues/.nvm/versions/node/v16.13.1/lib/node_modules/yarn/lib/cli.js:67029:18)
      at Request.self.callback (/home/mathues/.nvm/versions/node/v16.13.1/lib/node_modules/yarn/lib/cli.js:140883:22)
      at Request.emit (node:events:390:28)
      at Request.<anonymous> (/home/mathues/.nvm/versions/node/v16.13.1/lib/node_modules/yarn/lib/cli.js:141855:10)
      at Request.emit (node:events:390:28)
      at IncomingMessage.<anonymous> (/home/mathues/.nvm/versions/node/v16.13.1/lib/node_modules/yarn/lib/cli.js:141777:12)
      at Object.onceWrapper (node:events:509:28)
      at IncomingMessage.emit (node:events:402:35)
      at endReadableNT (node:internal/streams/readable:1343:12)
      at processTicksAndRejections (node:internal/process/task_queues:83:21)

npm manifest: 
  {
    "name": "activities_list_backend",
    "version": "1.0.0",
    "main": "index.js",
    "repository": "git@github.com:mroenca40/activities_list_backend.git",
    "author": "mroenca40 <mproenca.marketing@gmail.com>",
    "license": "MIT"
  }

yarn manifest: 
  No manifest

Lockfile: 
  No lockfile
